<?xml version="1.0" encoding="UTF-8"?>
<testsuite xmlns:xsi="http://www.w3.org/2001/XMLSchema-instance" xsi:noNamespaceSchemaLocation="https://maven.apache.org/surefire/maven-surefire-plugin/xsd/surefire-test-report-3.0.xsd" version="3.0" name="TestRunner.TestRunner" time="139.104" tests="3" errors="0" skipped="0" failures="0">
  <properties>
[...]
</properties>
  <testcase name="Search Customer by FirstName filters" classname="Customers" time="93.771">
    <system-out><![CDATA[
@Regression
Scenario: Search Customer by FirstName filters                              &amp#27;[90m# Features/Customer.feature:23&amp#27;[0m
 INFO [main] (LoginSteps.java"55)- -------------launching the browser---------------
  &amp#27;[32mGiven &amp#27;[0m&amp#27;[32m: User launch browser&amp#27;[0m                                               &amp#27;[90m# stepDefinitions.LoginSteps.user_launch_browser()&amp#27;[0m
 INFO [main] (LoginSteps.java"69)- -------------launching the URL---------------
  &amp#27;[32mWhen &amp#27;[0m&amp#27;[32m: User open url &amp#27;[0m&amp#27;[32m&amp#27;[1m"https://admin-demo.nopcommerce.com/login?"&amp#27;[0m          &amp#27;[90m# stepDefinitions.LoginSteps.user_open_url(java.lang.String)&amp#27;[0m
 INFO [main] (LoginSteps.java"76)- -------------Enter email and password---------------
  &amp#27;[32mThen &amp#27;[0m&amp#27;[32m: User enters Email as &amp#27;[0m&amp#27;[32m&amp#27;[1m"admin@yourstore.com"&amp#27;[0m&amp#27;[32m and Password as &amp#27;[0m&amp#27;[32m&amp#27;[1m"admin"&amp#27;[0m &amp#27;[90m# stepDefinitions.LoginSteps.user_enters_email_as_and_password_as(java.lang.String,java.lang.String)&amp#27;[0m
 INFO [main] (LoginSteps.java"83)- -------------Clicking the login button---------------
  &amp#27;[32mAnd &amp#27;[0m&amp#27;[32m: User clicks on Login button&amp#27;[0m                                         &amp#27;[90m# stepDefinitions.LoginSteps.user_clicks_on_login_button()&amp#27;[0m
  &amp#27;[32mThen &amp#27;[0m&amp#27;[32m: User view dahsboard&amp#27;[0m                                                &amp#27;[90m# stepDefinitions.LoginSteps.user_view_dahsboard()&amp#27;[0m
 INFO [main] (LoginSteps.java"139)- -------------Click on Customer Menu---------------
  &amp#27;[32mWhen &amp#27;[0m&amp#27;[32m: User clicks on customer menu&amp#27;[0m                                       &amp#27;[90m# stepDefinitions.LoginSteps.user_clicks_on_customer_menu()&amp#27;[0m
 INFO [main] (LoginSteps.java"146)- -------------Click on Customer Menu Item---------------
  &amp#27;[32mAnd &amp#27;[0m&amp#27;[32m: click on customer menu Item&amp#27;[0m                                         &amp#27;[90m# stepDefinitions.LoginSteps.click_on_customer_menu_item()&amp#27;[0m
 INFO [main] (LoginSteps.java"210)- -------------Search customers by FirstName---------------
  &amp#27;[32mWhen &amp#27;[0m&amp#27;[32m: User enters customers FirstName&amp#27;[0m                                    &amp#27;[90m# stepDefinitions.LoginSteps.user_enters_customers_first_name()&amp#27;[0m
 INFO [main] (LoginSteps.java"218)- -------------Click on Search button---------------
  &amp#27;[32mAnd &amp#27;[0m&amp#27;[32m: User clicks on Search button&amp#27;[0m                                        &amp#27;[90m# stepDefinitions.LoginSteps.user_clicks_on_search_button()&amp#27;[0m
 INFO [main] (LoginSteps.java"224)- -------------finding data table after search---------------
Virat Kohli
  &amp#27;[32mThen &amp#27;[0m&amp#27;[32m: User should get the FirstName in table&amp#27;[0m                             &amp#27;[90m# stepDefinitions.LoginSteps.user_should_get_the_first_name_in_table()&amp#27;[0m
 INFO [main] (LoginSteps.java"124)- -------------Closing the browser---------------
  &amp#27;[32mAnd &amp#27;[0m&amp#27;[32m: Close the browser&amp#27;[0m                                                   &amp#27;[90m# stepDefinitions.LoginSteps.close_the_browser()&amp#27;[0m
]]></system-out>
    <system-err><![CDATA[log4j:ERROR Could not find value for key log4j.appender.HTML.layout
Starting ChromeDriver 123.0.6312.105 (399174dbe6eff0f59de9a6096129c0c827002b3a-refs/branch-heads/6312@{#761}) on port 5974
Only local connections are allowed.
Please see https://chromedriver.chromium.org/security-considerations for suggestions on keeping ChromeDriver safe.
ChromeDriver was started successfully.
[1713526148.803][WARNING]: This version of ChromeDriver has not been tested with Chrome version 124.
Apr 19, 2024 4:59:21 PM org.openqa.selenium.remote.ProtocolHandshake createSession
INFO: Detected dialect: W3C
log4j:ERROR No layout set for the appender named [HTML].
]]></system-err>
  </testcase>
  <testcase name="Search Customer by Email filters" classname="Customers" time="26.707">
    <system-out><![CDATA[
@Regression
Scenario: Search Customer by Email filters                                  &amp#27;[90m# Features/Customer.feature:30&amp#27;[0m
 INFO [main] (LoginSteps.java"55)- -------------launching the browser---------------
  &amp#27;[32mGiven &amp#27;[0m&amp#27;[32m: User launch browser&amp#27;[0m                                               &amp#27;[90m# stepDefinitions.LoginSteps.user_launch_browser()&amp#27;[0m
 INFO [main] (LoginSteps.java"69)- -------------launching the URL---------------
  &amp#27;[32mWhen &amp#27;[0m&amp#27;[32m: User open url &amp#27;[0m&amp#27;[32m&amp#27;[1m"https://admin-demo.nopcommerce.com/login?"&amp#27;[0m          &amp#27;[90m# stepDefinitions.LoginSteps.user_open_url(java.lang.String)&amp#27;[0m
 INFO [main] (LoginSteps.java"76)- -------------Enter email and password---------------
  &amp#27;[32mThen &amp#27;[0m&amp#27;[32m: User enters Email as &amp#27;[0m&amp#27;[32m&amp#27;[1m"admin@yourstore.com"&amp#27;[0m&amp#27;[32m and Password as &amp#27;[0m&amp#27;[32m&amp#27;[1m"admin"&amp#27;[0m &amp#27;[90m# stepDefinitions.LoginSteps.user_enters_email_as_and_password_as(java.lang.String,java.lang.String)&amp#27;[0m
 INFO [main] (LoginSteps.java"83)- -------------Clicking the login button---------------
  &amp#27;[32mAnd &amp#27;[0m&amp#27;[32m: User clicks on Login button&amp#27;[0m                                         &amp#27;[90m# stepDefinitions.LoginSteps.user_clicks_on_login_button()&amp#27;[0m
  &amp#27;[32mThen &amp#27;[0m&amp#27;[32m: User view dahsboard&amp#27;[0m                                                &amp#27;[90m# stepDefinitions.LoginSteps.user_view_dahsboard()&amp#27;[0m
 INFO [main] (LoginSteps.java"139)- -------------Click on Customer Menu---------------
  &amp#27;[32mWhen &amp#27;[0m&amp#27;[32m: User clicks on customer menu&amp#27;[0m                                       &amp#27;[90m# stepDefinitions.LoginSteps.user_clicks_on_customer_menu()&amp#27;[0m
 INFO [main] (LoginSteps.java"146)- -------------Click on Customer Menu Item---------------
  &amp#27;[32mAnd &amp#27;[0m&amp#27;[32m: click on customer menu Item&amp#27;[0m                                         &amp#27;[90m# stepDefinitions.LoginSteps.click_on_customer_menu_item()&amp#27;[0m
 INFO [main] (LoginSteps.java"233)- -------------Search customers by emailId---------------
  &amp#27;[32mWhen &amp#27;[0m&amp#27;[32m: User enters customers Email&amp#27;[0m                                        &amp#27;[90m# stepDefinitions.LoginSteps.user_enters_customers_email()&amp#27;[0m
 INFO [main] (LoginSteps.java"218)- -------------Click on Search button---------------
  &amp#27;[32mAnd &amp#27;[0m&amp#27;[32m: User clicks on Search button&amp#27;[0m                                        &amp#27;[90m# stepDefinitions.LoginSteps.user_clicks_on_search_button()&amp#27;[0m
 INFO [main] (LoginSteps.java"241)- -------------finding data table after search---------------
  &amp#27;[32mThen &amp#27;[0m&amp#27;[32m: User should get the Email in table&amp#27;[0m                                 &amp#27;[90m# stepDefinitions.LoginSteps.user_should_get_the_email_in_table()&amp#27;[0m
 INFO [main] (LoginSteps.java"124)- -------------Closing the browser---------------
  &amp#27;[32mAnd &amp#27;[0m&amp#27;[32m: Close the browser&amp#27;[0m                                                   &amp#27;[90m# stepDefinitions.LoginSteps.close_the_browser()&amp#27;[0m
]]></system-out>
    <system-err><![CDATA[log4j:ERROR Could not find value for key log4j.appender.HTML.layout
Starting ChromeDriver 123.0.6312.105 (399174dbe6eff0f59de9a6096129c0c827002b3a-refs/branch-heads/6312@{#761}) on port 26060
Only local connections are allowed.
Please see https://chromedriver.chromium.org/security-considerations for suggestions on keeping ChromeDriver safe.
ChromeDriver was started successfully.
[1713526241.281][WARNING]: This version of ChromeDriver has not been tested with Chrome version 124.
Apr 19, 2024 5:00:43 PM org.openqa.selenium.remote.ProtocolHandshake createSession
INFO: Detected dialect: W3C
log4j:ERROR No layout set for the appender named [HTML].
]]></system-err>
  </testcase>
  <testcase name="To verify invalid login flow" classname="Login" time="14.606">
    <system-out><![CDATA[
@Regression
Scenario: To verify invalid login flow                                                                                                                        &amp#27;[90m# Features/Login.feature:16&amp#27;[0m
 INFO [main] (LoginSteps.java"55)- -------------launching the browser---------------
  &amp#27;[32mGiven &amp#27;[0m&amp#27;[32m: User launch browser&amp#27;[0m                                                                                                                                 &amp#27;[90m# stepDefinitions.LoginSteps.user_launch_browser()&amp#27;[0m
 INFO [main] (LoginSteps.java"69)- -------------launching the URL---------------
  &amp#27;[32mWhen &amp#27;[0m&amp#27;[32m: User open url &amp#27;[0m&amp#27;[32m&amp#27;[1m"https://admin-demo.nopcommerce.com/login?"&amp#27;[0m                                                                                            &amp#27;[90m# stepDefinitions.LoginSteps.user_open_url(java.lang.String)&amp#27;[0m
 INFO [main] (LoginSteps.java"76)- -------------Enter email and password---------------
  &amp#27;[32mThen &amp#27;[0m&amp#27;[32m: User enters Email as &amp#27;[0m&amp#27;[32m&amp#27;[1m"admin@yourstore.com"&amp#27;[0m&amp#27;[32m and Password as &amp#27;[0m&amp#27;[32m&amp#27;[1m"12min"&amp#27;[0m                                                                                   &amp#27;[90m# stepDefinitions.LoginSteps.user_enters_email_as_and_password_as(java.lang.String,java.lang.String)&amp#27;[0m
 INFO [main] (LoginSteps.java"83)- -------------Clicking the login button---------------
  &amp#27;[32mAnd &amp#27;[0m&amp#27;[32m: User clicks on Login button&amp#27;[0m                                                                                                                           &amp#27;[90m# stepDefinitions.LoginSteps.user_clicks_on_login_button()&amp#27;[0m
 INFO [main] (LoginSteps.java"89)- -------------Error validation---------------
Login was unsuccessful. Please correct the errors and try again.
The credentials provided are incorrect
  &amp#27;[32mThen &amp#27;[0m&amp#27;[32m: User should get validation error message as &amp#27;[0m&amp#27;[32m&amp#27;[1m"Login was unsuccessful. Please correct the errors and try again.The credentials provided are incorrect"&amp#27;[0m &amp#27;[90m# stepDefinitions.LoginSteps.user_should_get_validation_error_message_as(java.lang.String)&amp#27;[0m
 INFO [main] (LoginSteps.java"102)- -------------Capture PageTitle---------------
 INFO [main] (LoginSteps.java"109)- -------------Login Passed---------------
  &amp#27;[32mAnd &amp#27;[0m&amp#27;[32m: Page title should be &amp#27;[0m&amp#27;[32m&amp#27;[1m"Your store. Login"&amp#27;[0m                                                                                                              &amp#27;[90m# stepDefinitions.LoginSteps.page_title_should_be(java.lang.String)&amp#27;[0m
 INFO [main] (LoginSteps.java"124)- -------------Closing the browser---------------
  &amp#27;[32mAnd &amp#27;[0m&amp#27;[32m: Close the browser&amp#27;[0m                                                                                                                                     &amp#27;[90m# stepDefinitions.LoginSteps.close_the_browser()&amp#27;[0m
]]></system-out>
    <system-err><![CDATA[log4j:ERROR Could not find value for key log4j.appender.HTML.layout
Starting ChromeDriver 123.0.6312.105 (399174dbe6eff0f59de9a6096129c0c827002b3a-refs/branch-heads/6312@{#761}) on port 37872
Only local connections are allowed.
Please see https://chromedriver.chromium.org/security-considerations for suggestions on keeping ChromeDriver safe.
ChromeDriver was started successfully.
[1713526265.024][WARNING]: This version of ChromeDriver has not been tested with Chrome version 124.
Apr 19, 2024 5:01:07 PM org.openqa.selenium.remote.ProtocolHandshake createSession
INFO: Detected dialect: W3C
log4j:ERROR No layout set for the appender named [HTML].
]]></system-err>
  </testcase>
</testsuite>